Arguments: 
  /usr/local/bin/node /usr/local/bin/yarn add webpack webpack-cli

PATH: 
  /home/abraha/.rbenv/versions/3.1.2/lib/ruby/gems/3.1.0/bin:/home/abraha/.rbenv/versions/3.1.2/bin:/home/abraha/.rbenv/libexec:/home/abraha/.rbenv/plugins/ruby-build/bin:/home/abraha/.rbenv/shims:/home/abraha/.rbenv/bin:/usr/local/sbin:/usr/local/bin:/usr/sbin:/usr/bin:/sbin:/bin:/usr/games:/usr/local/games:/snap/bin

Yarn version: 
  1.22.19

Node version: 
  19.1.0

Platform: 
  linux x64

Trace: 
  Error: getaddrinfo EAI_AGAIN registry.yarnpkg.com
      at GetAddrInfoReqWrap.onlookup [as oncomplete] (node:dns:107:26)

npm manifest: 
  {
    "name": "app",
    "private": "true"
  }

yarn manifest: 
  No manifest

Lockfile: 
  No lockfile
